/api/job/job-high-salary
select count(*) as aggregate from `jobs` where `publish_from` <= 2022-12-14 18:58:44 and `publish_to` >= 2022-12-14 18:58:44 and `is_publish` = 1
select `id`, `title`, `salary_from`, `salary_to`, `salary_type`, `deadline`, `quantity`, `position_id`, `company_id`, `description` from `jobs` where `publish_from` <= 2022-12-14 18:58:44 and `publish_to` >= 2022-12-14 18:58:44 and `is_publish` = 1 order by `id` asc limit 10 offset 0
select `id`, `logo`, `name` from `companies` where `companies`.`id` in (70043, 84968, 95093, 97703, 97704, 97705, 97710, 97720, 97724)


/api/user/user-info


/api/user/user-info


/api/user/user-info


/api/user/user-info


/


/user/user-info


/api/user/user-info


/api/auth/login
select * from `users` where `email` = vanhieubn1207@gmail.com limit 1


/api/auth/login
select * from `users` where `email` = hieuhieu@gmail.com limit 1


/api/auth/register
select count(*) as aggregate from `users` where `email` = vanhieubn1207@gmail.com6
select count(*) as aggregate from `users` where `phone` = 0368505827
insert into `users` (`uuid`, `email`, `phone`, `first_name`, `password`, `last_name`, `address`, `dob`, `gender`, `updated_at`, `created_at`) values (36f50dc0-b20f-4976-bbd3-a2b5aa434874, vanhieubn1207@gmail.com6, 0368505827, Nguy·ªÖn VƒÉn, y$ojzVU8yJ0OhqC1jbt4T0JONnmBxjVtHhAyC33BM4ZIm0etOgRpkiK, Hi·∫øu, T·ª´ S∆°n - B·∫Øc Ninh, 2022-07-12, 0, 2022-12-14 19:04:51, 2022-12-14 19:04:51)


/api/auth/login
select * from `users` where `email` = vanhieubn1207@gmail.com6 limit 1


/api/user/user-info
/api/user/user-info
select * from `users` where `uuid` = 36f50dc0-b20f-4976-bbd3-a2b5aa434874 limit 1


/api/job/job-high-salary
select count(*) as aggregate from `jobs` where `publish_from` <= 2022-12-14 19:06:16 and `publish_to` >= 2022-12-14 19:06:16 and `is_publish` = 1
select `id`, `title`, `salary_from`, `salary_to`, `salary_type`, `deadline`, `quantity`, `position_id`, `company_id`, `description` from `jobs` where `publish_from` <= 2022-12-14 19:06:16 and `publish_to` >= 2022-12-14 19:06:16 and `is_publish` = 1 order by `id` asc limit 10 offset 0
select `id`, `logo`, `name` from `companies` where `companies`.`id` in (70043, 84968, 95093, 97703, 97704, 97705, 97710, 97720, 97724)


/api/job/job-high-salary
select count(*) as aggregate from `jobs` where `publish_from` <= 2022-12-14 19:06:31 and `publish_to` >= 2022-12-14 19:06:31 and `is_publish` = 1
select `id`, `title`, `salary_from`, `salary_to`, `salary_type`, `deadline`, `quantity`, `position_id`, `company_id`, `description` from `jobs` where `publish_from` <= 2022-12-14 19:06:31 and `publish_to` >= 2022-12-14 19:06:31 and `is_publish` = 1 order by `id` asc limit 10 offset 0
select `id`, `logo`, `name` from `companies` where `companies`.`id` in (70043, 84968, 95093, 97703, 97704, 97705, 97710, 97720, 97724)


/api/job/job-high-salary
select count(*) as aggregate from `jobs` where `publish_from` <= 2022-12-14 19:06:55 and `publish_to` >= 2022-12-14 19:06:55 and `is_publish` = 1
select `id`, `title`, `salary_from`, `salary_to`, `salary_type`, `deadline`, `quantity`, `position_id`, `company_id`, `description` from `jobs` where `publish_from` <= 2022-12-14 19:06:55 and `publish_to` >= 2022-12-14 19:06:55 and `is_publish` = 1 order by `id` asc limit 10 offset 0
select `id`, `logo`, `name` from `companies` where `companies`.`id` in (70043, 84968, 95093, 97703, 97704, 97705, 97710, 97720, 97724)


/api/auth/login
select * from `users` where `email` = vanhieubn1207@gmail.com6 limit 1


/api/auth/login
select * from `users` where `email` = vanhieubn1207@gmail.com6 limit 1


/api/job/job-high-salary
select count(*) as aggregate from `jobs` where `publish_from` <= 2022-12-14 19:09:22 and `publish_to` >= 2022-12-14 19:09:22 and `is_publish` = 1
select `id`, `title`, `salary_from`, `salary_to`, `salary_type`, `deadline`, `quantity`, `position_id`, `company_id`, `description` from `jobs` where `publish_from` <= 2022-12-14 19:09:22 and `publish_to` >= 2022-12-14 19:09:22 and `is_publish` = 1 order by `id` asc limit 10 offset 0
select `id`, `logo`, `name` from `companies` where `companies`.`id` in (70043, 84968, 95093, 97703, 97704, 97705, 97710, 97720, 97724)


/api/user/user-info
select * from `users` where `uuid` = 36f50dc0-b20f-4976-bbd3-a2b5aa434874 limit 1


/api/job/job-high-salary
select count(*) as aggregate from `jobs` where `publish_from` <= 2022-12-14 19:09:37 and `publish_to` >= 2022-12-14 19:09:37 and `is_publish` = 1
select `id`, `title`, `salary_from`, `salary_to`, `salary_type`, `deadline`, `quantity`, `position_id`, `company_id`, `description` from `jobs` where `publish_from` <= 2022-12-14 19:09:37 and `publish_to` >= 2022-12-14 19:09:37 and `is_publish` = 1 order by `id` asc limit 10 offset 0
select `id`, `logo`, `name` from `companies` where `companies`.`id` in (70043, 84968, 95093, 97703, 97704, 97705, 97710, 97720, 97724)


/api/cv/get-all
select * from `users` where `uuid` = 36f50dc0-b20f-4976-bbd3-a2b5aa434874 limit 1
select `cv_version_id`, `data_cv_id`, `user_uuid` from `data_cvs` where `user_uuid` = 36f50dc0-b20f-4976-bbd3-a2b5aa434874


/api/job/job-it
select count(*) as aggregate from `jobs` where `publish_from` <= 2022-12-14 19:11:19 and `publish_to` >= 2022-12-14 19:11:19 and `is_publish` = 1
select `id`, `title`, `salary_from`, `salary_to`, `salary_type`, `deadline`, `quantity`, `position_id`, `company_id`, `description` from `jobs` where `publish_from` <= 2022-12-14 19:11:19 and `publish_to` >= 2022-12-14 19:11:19 and `is_publish` = 1 order by `id` asc limit 10 offset 0
select `id`, `logo`, `name` from `companies` where `companies`.`id` in (70043, 84968, 95093, 97703, 97704, 97705, 97710, 97720, 97724)


/api/job/job-internship
select count(*) as aggregate from `jobs` where `publish_from` <= 2022-12-14 19:11:19 and `publish_to` >= 2022-12-14 19:11:19 and `is_publish` = 1
select `id`, `title`, `salary_from`, `salary_to`, `salary_type`, `deadline`, `quantity`, `position_id`, `company_id`, `description` from `jobs` where `publish_from` <= 2022-12-14 19:11:19 and `publish_to` >= 2022-12-14 19:11:19 and `is_publish` = 1 order by `id` asc limit 10 offset 0
select `id`, `logo`, `name` from `companies` where `companies`.`id` in (70043, 84968, 95093, 97703, 97704, 97705, 97710, 97720, 97724)


/api/job/job-manager
select count(*) as aggregate from `jobs` where `publish_from` <= 2022-12-14 19:11:19 and `publish_to` >= 2022-12-14 19:11:19 and `is_publish` = 1
select `id`, `title`, `salary_from`, `salary_to`, `salary_type`, `deadline`, `quantity`, `position_id`, `company_id`, `description` from `jobs` where `publish_from` <= 2022-12-14 19:11:19 and `publish_to` >= 2022-12-14 19:11:19 and `is_publish` = 1 order by `id` asc limit 10 offset 0
select `id`, `logo`, `name` from `companies` where `companies`.`id` in (70043, 84968, 95093, 97703, 97704, 97705, 97710, 97720, 97724)


/api/job/job-it
select count(*) as aggregate from `jobs` where `publish_from` <= 2022-12-14 19:11:23 and `publish_to` >= 2022-12-14 19:11:23 and `is_publish` = 1
select `id`, `title`, `salary_from`, `salary_to`, `salary_type`, `deadline`, `quantity`, `position_id`, `company_id`, `description` from `jobs` where `publish_from` <= 2022-12-14 19:11:23 and `publish_to` >= 2022-12-14 19:11:23 and `is_publish` = 1 order by `id` asc limit 10 offset 0
select `id`, `logo`, `name` from `companies` where `companies`.`id` in (70043, 84968, 95093, 97703, 97704, 97705, 97710, 97720, 97724)


/api/job/job-manager
select count(*) as aggregate from `jobs` where `publish_from` <= 2022-12-14 19:11:23 and `publish_to` >= 2022-12-14 19:11:23 and `is_publish` = 1
select `id`, `title`, `salary_from`, `salary_to`, `salary_type`, `deadline`, `quantity`, `position_id`, `company_id`, `description` from `jobs` where `publish_from` <= 2022-12-14 19:11:23 and `publish_to` >= 2022-12-14 19:11:23 and `is_publish` = 1 order by `id` asc limit 10 offset 0
select `id`, `logo`, `name` from `companies` where `companies`.`id` in (70043, 84968, 95093, 97703, 97704, 97705, 97710, 97720, 97724)


/api/job/job-internship
select count(*) as aggregate from `jobs` where `publish_from` <= 2022-12-14 19:11:24 and `publish_to` >= 2022-12-14 19:11:24 and `is_publish` = 1
select `id`, `title`, `salary_from`, `salary_to`, `salary_type`, `deadline`, `quantity`, `position_id`, `company_id`, `description` from `jobs` where `publish_from` <= 2022-12-14 19:11:24 and `publish_to` >= 2022-12-14 19:11:24 and `is_publish` = 1 order by `id` asc limit 10 offset 0
select `id`, `logo`, `name` from `companies` where `companies`.`id` in (70043, 84968, 95093, 97703, 97704, 97705, 97710, 97720, 97724)


/api/job/job-it
select count(*) as aggregate from `jobs` where `publish_from` <= 2022-12-14 19:11:30 and `publish_to` >= 2022-12-14 19:11:30 and `is_publish` = 1
select `id`, `title`, `salary_from`, `salary_to`, `salary_type`, `deadline`, `quantity`, `position_id`, `company_id`, `description` from `jobs` where `publish_from` <= 2022-12-14 19:11:30 and `publish_to` >= 2022-12-14 19:11:30 and `is_publish` = 1 order by `id` asc limit 10 offset 0
select `id`, `logo`, `name` from `companies` where `companies`.`id` in (70043, 84968, 95093, 97703, 97704, 97705, 97710, 97720, 97724)


/api/job/job-manager
select count(*) as aggregate from `jobs` where `publish_from` <= 2022-12-14 19:11:30 and `publish_to` >= 2022-12-14 19:11:30 and `is_publish` = 1
select `id`, `title`, `salary_from`, `salary_to`, `salary_type`, `deadline`, `quantity`, `position_id`, `company_id`, `description` from `jobs` where `publish_from` <= 2022-12-14 19:11:30 and `publish_to` >= 2022-12-14 19:11:30 and `is_publish` = 1 order by `id` asc limit 10 offset 0
select `id`, `logo`, `name` from `companies` where `companies`.`id` in (70043, 84968, 95093, 97703, 97704, 97705, 97710, 97720, 97724)


/api/job/job-internship
select count(*) as aggregate from `jobs` where `publish_from` <= 2022-12-14 19:11:31 and `publish_to` >= 2022-12-14 19:11:31 and `is_publish` = 1
select `id`, `title`, `salary_from`, `salary_to`, `salary_type`, `deadline`, `quantity`, `position_id`, `company_id`, `description` from `jobs` where `publish_from` <= 2022-12-14 19:11:31 and `publish_to` >= 2022-12-14 19:11:31 and `is_publish` = 1 order by `id` asc limit 10 offset 0
select `id`, `logo`, `name` from `companies` where `companies`.`id` in (70043, 84968, 95093, 97703, 97704, 97705, 97710, 97720, 97724)


/api/job/job-high-salary
select count(*) as aggregate from `jobs` where `publish_from` <= 2022-12-14 19:11:47 and `publish_to` >= 2022-12-14 19:11:47 and `is_publish` = 1
select `id`, `title`, `salary_from`, `salary_to`, `salary_type`, `deadline`, `quantity`, `position_id`, `company_id`, `description` from `jobs` where `publish_from` <= 2022-12-14 19:11:47 and `publish_to` >= 2022-12-14 19:11:47 and `is_publish` = 1 order by `id` asc limit 10 offset 0
select `id`, `logo`, `name` from `companies` where `companies`.`id` in (70043, 84968, 95093, 97703, 97704, 97705, 97710, 97720, 97724)


/api/job/job-it
select count(*) as aggregate from `jobs` where `publish_from` <= 2022-12-14 19:11:58 and `publish_to` >= 2022-12-14 19:11:58 and `is_publish` = 1
select `id`, `title`, `salary_from`, `salary_to`, `salary_type`, `deadline`, `quantity`, `position_id`, `company_id`, `description` from `jobs` where `publish_from` <= 2022-12-14 19:11:58 and `publish_to` >= 2022-12-14 19:11:58 and `is_publish` = 1 order by `id` asc limit 10 offset 0
select `id`, `logo`, `name` from `companies` where `companies`.`id` in (70043, 84968, 95093, 97703, 97704, 97705, 97710, 97720, 97724)


/api/job/job-manager
select count(*) as aggregate from `jobs` where `publish_from` <= 2022-12-14 19:11:58 and `publish_to` >= 2022-12-14 19:11:58 and `is_publish` = 1
select `id`, `title`, `salary_from`, `salary_to`, `salary_type`, `deadline`, `quantity`, `position_id`, `company_id`, `description` from `jobs` where `publish_from` <= 2022-12-14 19:11:58 and `publish_to` >= 2022-12-14 19:11:58 and `is_publish` = 1 order by `id` asc limit 10 offset 0
select `id`, `logo`, `name` from `companies` where `companies`.`id` in (70043, 84968, 95093, 97703, 97704, 97705, 97710, 97720, 97724)


/api/job/job-internship
select count(*) as aggregate from `jobs` where `publish_from` <= 2022-12-14 19:11:58 and `publish_to` >= 2022-12-14 19:11:58 and `is_publish` = 1
select `id`, `title`, `salary_from`, `salary_to`, `salary_type`, `deadline`, `quantity`, `position_id`, `company_id`, `description` from `jobs` where `publish_from` <= 2022-12-14 19:11:58 and `publish_to` >= 2022-12-14 19:11:58 and `is_publish` = 1 order by `id` asc limit 10 offset 0
select `id`, `logo`, `name` from `companies` where `companies`.`id` in (70043, 84968, 95093, 97703, 97704, 97705, 97710, 97720, 97724)


/api/job/job-high-salary
select count(*) as aggregate from `jobs` where `publish_from` <= 2022-12-14 19:12:03 and `publish_to` >= 2022-12-14 19:12:03 and `is_publish` = 1
select `id`, `title`, `salary_from`, `salary_to`, `salary_type`, `deadline`, `quantity`, `position_id`, `company_id`, `description` from `jobs` where `publish_from` <= 2022-12-14 19:12:03 and `publish_to` >= 2022-12-14 19:12:03 and `is_publish` = 1 order by `id` asc limit 10 offset 0
select `id`, `logo`, `name` from `companies` where `companies`.`id` in (70043, 84968, 95093, 97703, 97704, 97705, 97710, 97720, 97724)


/api/job/job-it
select count(*) as aggregate from `jobs` where `publish_from` <= 2022-12-14 19:12:09 and `publish_to` >= 2022-12-14 19:12:09 and `is_publish` = 1
select `id`, `title`, `salary_from`, `salary_to`, `salary_type`, `deadline`, `quantity`, `position_id`, `company_id`, `description` from `jobs` where `publish_from` <= 2022-12-14 19:12:09 and `publish_to` >= 2022-12-14 19:12:09 and `is_publish` = 1 order by `id` asc limit 10 offset 0
select `id`, `logo`, `name` from `companies` where `companies`.`id` in (70043, 84968, 95093, 97703, 97704, 97705, 97710, 97720, 97724)


/api/job/job-manager
select count(*) as aggregate from `jobs` where `publish_from` <= 2022-12-14 19:12:09 and `publish_to` >= 2022-12-14 19:12:09 and `is_publish` = 1
select `id`, `title`, `salary_from`, `salary_to`, `salary_type`, `deadline`, `quantity`, `position_id`, `company_id`, `description` from `jobs` where `publish_from` <= 2022-12-14 19:12:09 and `publish_to` >= 2022-12-14 19:12:09 and `is_publish` = 1 order by `id` asc limit 10 offset 0
select `id`, `logo`, `name` from `companies` where `companies`.`id` in (70043, 84968, 95093, 97703, 97704, 97705, 97710, 97720, 97724)


/api/job/job-internship
select count(*) as aggregate from `jobs` where `publish_from` <= 2022-12-14 19:12:10 and `publish_to` >= 2022-12-14 19:12:10 and `is_publish` = 1
select `id`, `title`, `salary_from`, `salary_to`, `salary_type`, `deadline`, `quantity`, `position_id`, `company_id`, `description` from `jobs` where `publish_from` <= 2022-12-14 19:12:10 and `publish_to` >= 2022-12-14 19:12:10 and `is_publish` = 1 order by `id` asc limit 10 offset 0
select `id`, `logo`, `name` from `companies` where `companies`.`id` in (70043, 84968, 95093, 97703, 97704, 97705, 97710, 97720, 97724)


/api/auth/login
select * from `users` where `email` = vanhieubn1207@gmail.com6 limit 1


/api/auth/login
select * from `users` where `email` = vanhieubn1207@gmail.com6 limit 1


/api/job/job-high-salary
select count(*) as aggregate from `jobs` where `publish_from` <= 2022-12-14 19:18:04 and `publish_to` >= 2022-12-14 19:18:04 and `is_publish` = 1
select `id`, `title`, `salary_from`, `salary_to`, `salary_type`, `deadline`, `quantity`, `position_id`, `company_id`, `description` from `jobs` where `publish_from` <= 2022-12-14 19:18:04 and `publish_to` >= 2022-12-14 19:18:04 and `is_publish` = 1 order by `id` asc limit 10 offset 0
select `id`, `logo`, `name` from `companies` where `companies`.`id` in (70043, 84968, 95093, 97703, 97704, 97705, 97710, 97720, 97724)


/api/user/user-info
select * from `users` where `uuid` = 36f50dc0-b20f-4976-bbd3-a2b5aa434874 limit 1


/api/auth/login
select * from `users` where `email` = vanhieubn1207@gmail.com limit 1


/api/auth/login
select * from `users` where `email` = vanhieubn1207@gmail.com limit 1


/api/job/job-high-salary
select count(*) as aggregate from `jobs` where `publish_from` <= 2022-12-14 19:24:30 and `publish_to` >= 2022-12-14 19:24:30 and `is_publish` = 1
select `id`, `title`, `salary_from`, `salary_to`, `salary_type`, `deadline`, `quantity`, `position_id`, `company_id`, `description` from `jobs` where `publish_from` <= 2022-12-14 19:24:30 and `publish_to` >= 2022-12-14 19:24:30 and `is_publish` = 1 order by `id` asc limit 10 offset 0
select `id`, `logo`, `name` from `companies` where `companies`.`id` in (70043, 84968, 95093, 97703, 97704, 97705, 97710, 97720, 97724)


/api/cv/get-all
select * from `users` where `uuid` = 633c5be56132ba4f34e53a10 limit 1
select `cv_version_id`, `data_cv_id`, `user_uuid` from `data_cvs` where `user_uuid` = 633c5be56132ba4f34e53a10


/api/cv/create
select * from `users` where `uuid` = 633c5be56132ba4f34e53a10 limit 1
insert into `data_cvs` (`user_uuid`, `cv_id`, `private_key`, `color_scheme`, `font`, `lang`, `fontsize`, `spacing`, `data`, `tags`, `updated_at`, `created_at`) values (633c5be56132ba4f34e53a10, 8a7f7641898e0e0e024d5a3d0eb518fa, 2c2326027ab601b5fe3366ede21a32af, , roboto, en, normal, normal, {"profile":{"email":"vanhieubn1207@gmail.com","address":"T\u00e2n Tri\u1ec1u Thanh Tr\u00ec H\u00e0 N\u1ed9i","fullname":"Hi\u1ebfu L\u1ee3n","phone":"0988888888"},"global":"Senior Web Fullstack","education_meta":"H\u1ecdc V\u1ea5n","education":[],"experience_meta":"Kinh nghi\u1ec7m","experience":[],"activity_meta":"Ho\u1ea1t \u0111\u1ed9ng","activity":[],"certification_meta":"Ch\u1ee9ng ch\u1ec9","certification":[],"award_meta":"Th\u00e0nh t\u00edch","award":[],"skillrate_meta":"K\u0129 n\u0103ng","skillrate":[]}, , 2022-12-14 19:26:31, 2022-12-14 19:26:31)
insert into `data_cv_versions` (`data_cv_id`, `hash`, `data`, `updated_at`, `created_at`) values (5737592, #Ó˜R›=*emf¢M…[b, {"profile":{"email":"vanhieubn1207@gmail.com","address":"T\u00e2n Tri\u1ec1u Thanh Tr\u00ec H\u00e0 N\u1ed9i","fullname":"Hi\u1ebfu L\u1ee3n","phone":"0988888888"},"global":"Senior Web Fullstack","education_meta":"H\u1ecdc V\u1ea5n","education":[],"experience_meta":"Kinh nghi\u1ec7m","experience":[],"activity_meta":"Ho\u1ea1t \u0111\u1ed9ng","activity":[],"certification_meta":"Ch\u1ee9ng ch\u1ec9","certification":[],"award_meta":"Th\u00e0nh t\u00edch","award":[],"skillrate_meta":"K\u0129 n\u0103ng","skillrate":[]}, 2022-12-14 19:26:31, 2022-12-14 19:26:31)
insert into `cv_versions` (`data_cv_id`, `template_cv_id`, `hash_all`, `data_cv_version_id`, `color_scheme`, `fontsize`, `spacing`, `font`, `lang`, `updated_at`, `created_at`) values (5737592, , .p»=;r“>ÚÿèeÀ´, 35386, , normal, normal, roboto, en, 2022-12-14 19:26:31, 2022-12-14 19:26:31)
update `data_cvs` set `cv_version_id` = 35386, `data_cvs`.`updated_at` = 2022-12-14 19:26:31 where `data_cv_id` = 5737592


/api/cv/get-all
select * from `users` where `uuid` = 633c5be56132ba4f34e53a10 limit 1
select `cv_version_id`, `data_cv_id`, `user_uuid` from `data_cvs` where `user_uuid` = 633c5be56132ba4f34e53a10
select * from `cv_versions` where `cv_versions`.`id` in (35386)
select * from `data_cv_versions` where `data_cv_versions`.`id` in (35386)


/api/cv/get-all
select * from `users` where `uuid` = 633c5be56132ba4f34e53a10 limit 1
select `cv_version_id`, `data_cv_id`, `user_uuid` from `data_cvs` where `user_uuid` = 633c5be56132ba4f34e53a10
select * from `cv_versions` where `cv_versions`.`id` in (35386)
select * from `data_cv_versions` where `data_cv_versions`.`id` in (35386)


/api/cv/view-by-id/5737592
select * from `users` where `uuid` = 633c5be56132ba4f34e53a10 limit 1
select * from `data_cvs` where `user_uuid` = 633c5be56132ba4f34e53a10 and `data_cv_id` = 5737592 limit 1
select * from `cv_versions` where `cv_versions`.`id` in (35386)
select * from `data_cv_versions` where `data_cv_versions`.`id` in (35386)


/api/cv/get-all
select * from `users` where `uuid` = 633c5be56132ba4f34e53a10 limit 1
select `cv_version_id`, `data_cv_id`, `user_uuid` from `data_cvs` where `user_uuid` = 633c5be56132ba4f34e53a10
select * from `cv_versions` where `cv_versions`.`id` in (3, 35386)
select * from `data_cv_versions` where `data_cv_versions`.`id` in (3, 35386)


/api/cv/view-by-id/12467
select * from `users` where `uuid` = 633c5be56132ba4f34e53a10 limit 1
select * from `data_cvs` where `user_uuid` = 633c5be56132ba4f34e53a10 and `data_cv_id` = 12467 limit 1
select * from `cv_versions` where `cv_versions`.`id` in (3)
select * from `data_cv_versions` where `data_cv_versions`.`id` in (3)


/api/job/job-high-salary
select count(*) as aggregate from `jobs` where `publish_from` <= 2022-12-14 19:27:39 and `publish_to` >= 2022-12-14 19:27:39 and `is_publish` = 1
select `id`, `title`, `salary_from`, `salary_to`, `salary_type`, `deadline`, `quantity`, `position_id`, `company_id`, `description` from `jobs` where `publish_from` <= 2022-12-14 19:27:39 and `publish_to` >= 2022-12-14 19:27:39 and `is_publish` = 1 order by `id` asc limit 10 offset 0
select `id`, `logo`, `name` from `companies` where `companies`.`id` in (70043, 84968, 95093, 97703, 97704, 97705, 97710, 97720, 97724)


/api/job/job-high-salary
select count(*) as aggregate from `jobs` where `publish_from` <= 2022-12-14 19:27:52 and `publish_to` >= 2022-12-14 19:27:52 and `is_publish` = 1
select `id`, `title`, `salary_from`, `salary_to`, `salary_type`, `deadline`, `quantity`, `position_id`, `company_id`, `description` from `jobs` where `publish_from` <= 2022-12-14 19:27:52 and `publish_to` >= 2022-12-14 19:27:52 and `is_publish` = 1 order by `id` asc limit 10 offset 0
select `id`, `logo`, `name` from `companies` where `companies`.`id` in (70043, 84968, 95093, 97703, 97704, 97705, 97710, 97720, 97724)


/api/job/job-manager
select count(*) as aggregate from `jobs` where `publish_from` <= 2022-12-14 19:28:03 and `publish_to` >= 2022-12-14 19:28:03 and `is_publish` = 1
select `id`, `title`, `salary_from`, `salary_to`, `salary_type`, `deadline`, `quantity`, `position_id`, `company_id`, `description` from `jobs` where `publish_from` <= 2022-12-14 19:28:03 and `publish_to` >= 2022-12-14 19:28:03 and `is_publish` = 1 order by `id` asc limit 10 offset 0
select `id`, `logo`, `name` from `companies` where `companies`.`id` in (70043, 84968, 95093, 97703, 97704, 97705, 97710, 97720, 97724)


/api/job/job-it
select count(*) as aggregate from `jobs` where `publish_from` <= 2022-12-14 19:28:03 and `publish_to` >= 2022-12-14 19:28:03 and `is_publish` = 1
select `id`, `title`, `salary_from`, `salary_to`, `salary_type`, `deadline`, `quantity`, `position_id`, `company_id`, `description` from `jobs` where `publish_from` <= 2022-12-14 19:28:03 and `publish_to` >= 2022-12-14 19:28:03 and `is_publish` = 1 order by `id` asc limit 10 offset 0
select `id`, `logo`, `name` from `companies` where `companies`.`id` in (70043, 84968, 95093, 97703, 97704, 97705, 97710, 97720, 97724)


/api/job/job-internship
select count(*) as aggregate from `jobs` where `publish_from` <= 2022-12-14 19:28:03 and `publish_to` >= 2022-12-14 19:28:03 and `is_publish` = 1
select `id`, `title`, `salary_from`, `salary_to`, `salary_type`, `deadline`, `quantity`, `position_id`, `company_id`, `description` from `jobs` where `publish_from` <= 2022-12-14 19:28:03 and `publish_to` >= 2022-12-14 19:28:03 and `is_publish` = 1 order by `id` asc limit 10 offset 0
select `id`, `logo`, `name` from `companies` where `companies`.`id` in (70043, 84968, 95093, 97703, 97704, 97705, 97710, 97720, 97724)


/api/job/get-by-id/667335
select * from `jobs` where `publish_from` <= 2022-12-14 19:28:06 and `publish_to` >= 2022-12-14 19:28:06 and `is_publish` = 1 and `jobs`.`id` = 667335 limit 1
select * from `companies` where `companies`.`id` in (97705)
update `jobs` set `view` = 101 where `id` = 667335


/api/cv/get-all
select * from `users` where `uuid` = 633c5be56132ba4f34e53a10 limit 1
select `cv_version_id`, `data_cv_id`, `user_uuid` from `data_cvs` where `user_uuid` = 633c5be56132ba4f34e53a10
select * from `cv_versions` where `cv_versions`.`id` in (35386)
select * from `data_cv_versions` where `data_cv_versions`.`id` in (35386)


/api/job/apply
select * from `users` where `uuid` = 633c5be56132ba4f34e53a10 limit 1
select * from `jobs` where `jobs`.`id` = 667335 limit 1
select * from `job_cv_applies` where `user_uuid` = 633c5be56132ba4f34e53a10 and `job_id` = 667335 order by `id` asc limit 1
select * from `data_cvs` where `user_uuid` = 633c5be56132ba4f34e53a10 and `data_cv_id` = 5737592 limit 1
select * from `cv_versions` where `cv_versions`.`id` in (35386)
select * from `data_cv_versions` where `data_cv_versions`.`id` in (35386)
select * from `job_cv_applies` where `cv_version_id` = 35386 and `job_id` = 667335 limit 1


/api/job/apply
select * from `users` where `uuid` = 633c5be56132ba4f34e53a10 limit 1
select * from `jobs` where `jobs`.`id` = 667335 limit 1
select * from `job_cv_applies` where `user_uuid` = 633c5be56132ba4f34e53a10 and `job_id` = 667335 order by `id` asc limit 1
select * from `data_cvs` where `user_uuid` = 633c5be56132ba4f34e53a10 and `data_cv_id` = 5737592 limit 1
select * from `cv_versions` where `cv_versions`.`id` in (35386)
select * from `data_cv_versions` where `data_cv_versions`.`id` in (35386)
select * from `job_cv_applies` where `cv_version_id` = 35386 and `job_id` = 667335 limit 1


/api/job/apply
select * from `users` where `uuid` = 633c5be56132ba4f34e53a10 limit 1
select * from `jobs` where `jobs`.`id` = 667335 limit 1
select * from `job_cv_applies` where `user_uuid` = 633c5be56132ba4f34e53a10 and `job_id` = 667335 order by `id` asc limit 1
select * from `data_cvs` where `user_uuid` = 633c5be56132ba4f34e53a10 and `data_cv_id` = 5737592 limit 1
select * from `cv_versions` where `cv_versions`.`id` in (35386)
select * from `data_cv_versions` where `data_cv_versions`.`id` in (35386)
select * from `job_cv_applies` where `cv_version_id` = 35386 and `job_id` = 667335 limit 1


/api/job/job-high-salary
select count(*) as aggregate from `jobs` where `publish_from` <= 2022-12-14 19:31:38 and `publish_to` >= 2022-12-14 19:31:38 and `is_publish` = 1
select `id`, `title`, `salary_from`, `salary_to`, `salary_type`, `deadline`, `quantity`, `position_id`, `company_id`, `description` from `jobs` where `publish_from` <= 2022-12-14 19:31:38 and `publish_to` >= 2022-12-14 19:31:38 and `is_publish` = 1 order by `id` asc limit 10 offset 0
select `id`, `logo`, `name` from `companies` where `companies`.`id` in (70043, 84968, 95093, 97703, 97704, 97705, 97710, 97720, 97724)


/api/job/get-by-id/667335
select * from `jobs` where `publish_from` <= 2022-12-14 19:31:41 and `publish_to` >= 2022-12-14 19:31:41 and `is_publish` = 1 and `jobs`.`id` = 667335 limit 1
select * from `companies` where `companies`.`id` in (97705)
update `jobs` set `view` = 102 where `id` = 667335


/api/cv/get-all
select * from `users` where `uuid` = 633c5be56132ba4f34e53a10 limit 1
select `cv_version_id`, `data_cv_id`, `user_uuid` from `data_cvs` where `user_uuid` = 633c5be56132ba4f34e53a10
select * from `cv_versions` where `cv_versions`.`id` in (35386)
select * from `data_cv_versions` where `data_cv_versions`.`id` in (35386)


/api/job/apply
select * from `users` where `uuid` = 633c5be56132ba4f34e53a10 limit 1
select * from `jobs` where `jobs`.`id` = 667335 limit 1
select * from `job_cv_applies` where `user_uuid` = 633c5be56132ba4f34e53a10 and `job_id` = 667335 order by `id` asc limit 1
select * from `data_cvs` where `user_uuid` = 633c5be56132ba4f34e53a10 and `data_cv_id` = 5737592 limit 1
select * from `cv_versions` where `cv_versions`.`id` in (35386)
select * from `data_cv_versions` where `data_cv_versions`.`id` in (35386)
select * from `job_cv_applies` where `cv_version_id` = 35386 and `job_id` = 667335 limit 1


/api/job/job-high-salary
select count(*) as aggregate from `jobs` where `publish_from` <= 2022-12-14 19:32:49 and `publish_to` >= 2022-12-14 19:32:49 and `is_publish` = 1
select `id`, `title`, `salary_from`, `salary_to`, `salary_type`, `deadline`, `quantity`, `position_id`, `company_id`, `description` from `jobs` where `publish_from` <= 2022-12-14 19:32:49 and `publish_to` >= 2022-12-14 19:32:49 and `is_publish` = 1 order by `id` asc limit 10 offset 0
select `id`, `logo`, `name` from `companies` where `companies`.`id` in (70043, 84968, 95093, 97703, 97704, 97705, 97710, 97720, 97724)


/api/job/get-by-id/667335
select * from `jobs` where `publish_from` <= 2022-12-14 19:32:57 and `publish_to` >= 2022-12-14 19:32:57 and `is_publish` = 1 and `jobs`.`id` = 667335 limit 1
select * from `companies` where `companies`.`id` in (97705)
update `jobs` set `view` = 103 where `id` = 667335


/api/cv/get-all
select * from `users` where `uuid` = 36f50dc0-b20f-4976-bbd3-a2b5aa434874 limit 1
select `cv_version_id`, `data_cv_id`, `user_uuid` from `data_cvs` where `user_uuid` = 36f50dc0-b20f-4976-bbd3-a2b5aa434874


/api/auth/login
select * from `users` where `email` = vanhieubn1207@gmail.com limit 1


/api/cv/get-all
select * from `users` where `uuid` = 633c5be56132ba4f34e53a10 limit 1
select `cv_version_id`, `data_cv_id`, `user_uuid` from `data_cvs` where `user_uuid` = 633c5be56132ba4f34e53a10
select * from `cv_versions` where `cv_versions`.`id` in (35386)
select * from `data_cv_versions` where `data_cv_versions`.`id` in (35386)


/api/job/apply
select * from `users` where `uuid` = 633c5be56132ba4f34e53a10 limit 1
select * from `jobs` where `jobs`.`id` = 667335 limit 1
select * from `job_cv_applies` where `user_uuid` = 633c5be56132ba4f34e53a10 and `job_id` = 667335 order by `id` asc limit 1
select * from `data_cvs` where `user_uuid` = 633c5be56132ba4f34e53a10 and `data_cv_id` = 5737592 limit 1
select * from `cv_versions` where `cv_versions`.`id` in (35386)
select * from `data_cv_versions` where `data_cv_versions`.`id` in (35386)
select * from `job_cv_applies` where `cv_version_id` = 35386 and `job_id` = 667335 limit 1


/api/job/apply
select * from `users` where `uuid` = 633c5be56132ba4f34e53a10 limit 1
select * from `jobs` where `jobs`.`id` = 667335 limit 1
select * from `job_cv_applies` where `user_uuid` = 633c5be56132ba4f34e53a10 and `job_id` = 667335 order by `id` asc limit 1
select * from `data_cvs` where `user_uuid` = 633c5be56132ba4f34e53a10 and `data_cv_id` = 5737592 limit 1
select * from `cv_versions` where `cv_versions`.`id` in (35386)
select * from `data_cv_versions` where `data_cv_versions`.`id` in (35386)
select * from `job_cv_applies` where `cv_version_id` = 35386 and `job_id` = 667335 limit 1


/api/job/apply
select * from `users` where `uuid` = 633c5be56132ba4f34e53a10 limit 1
select * from `jobs` where `jobs`.`id` = 667335 limit 1
select * from `job_cv_applies` where `user_uuid` = 633c5be56132ba4f34e53a10 and `job_id` = 667335 order by `id` asc limit 1
select * from `data_cvs` where `user_uuid` = 633c5be56132ba4f34e53a10 and `data_cv_id` = 5737592 limit 1
select * from `cv_versions` where `cv_versions`.`id` in (35386)
select * from `data_cv_versions` where `data_cv_versions`.`id` in (35386)
select * from `job_cv_applies` where `cv_version_id` = 35386 and `job_id` = 667335 limit 1


/api/job/apply
select * from `users` where `uuid` = 633c5be56132ba4f34e53a10 limit 1
select * from `jobs` where `jobs`.`id` = 667335 limit 1
select * from `job_cv_applies` where `user_uuid` = 633c5be56132ba4f34e53a10 and `job_id` = 667335 order by `id` asc limit 1
select * from `data_cvs` where `user_uuid` = 633c5be56132ba4f34e53a10 and `data_cv_id` = 5737592 limit 1
select * from `cv_versions` where `cv_versions`.`id` in (35386)
select * from `data_cv_versions` where `data_cv_versions`.`id` in (35386)
select * from `job_cv_applies` where `cv_version_id` = 35386 and `job_id` = 667335 limit 1


/api/job/apply
select * from `users` where `uuid` = 633c5be56132ba4f34e53a10 limit 1
select * from `jobs` where `jobs`.`id` = 667335 limit 1
select * from `job_cv_applies` where `user_uuid` = 633c5be56132ba4f34e53a10 and `job_id` = 667335 order by `id` asc limit 1
select * from `data_cvs` where `user_uuid` = 633c5be56132ba4f34e53a10 and `data_cv_id` = 5737592 limit 1
select * from `cv_versions` where `cv_versions`.`id` in (35386)
select * from `data_cv_versions` where `data_cv_versions`.`id` in (35386)
select * from `job_cv_applies` where `cv_version_id` = 35386 and `job_id` = 667335 limit 1


/api/job/apply
select * from `users` where `uuid` = 633c5be56132ba4f34e53a10 limit 1
select * from `jobs` where `jobs`.`id` = 667335 limit 1
select * from `job_cv_applies` where `user_uuid` = 633c5be56132ba4f34e53a10 and `job_id` = 667335 order by `id` asc limit 1
select * from `data_cvs` where `user_uuid` = 633c5be56132ba4f34e53a10 and `data_cv_id` = 5737592 limit 1
select * from `cv_versions` where `cv_versions`.`id` in (35386)
select * from `data_cv_versions` where `data_cv_versions`.`id` in (35386)
select * from `job_cv_applies` where `cv_version_id` = 35386 and `job_id` = 667335 limit 1


/api/job/apply
select * from `users` where `uuid` = 633c5be56132ba4f34e53a10 limit 1
select * from `jobs` where `jobs`.`id` = 667335 limit 1
select * from `job_cv_applies` where `user_uuid` = 633c5be56132ba4f34e53a10 and `job_id` = 667335 order by `id` asc limit 1
select * from `data_cvs` where `user_uuid` = 633c5be56132ba4f34e53a10 and `data_cv_id` = 5737592 limit 1
select * from `cv_versions` where `cv_versions`.`id` in (35386)
select * from `data_cv_versions` where `data_cv_versions`.`id` in (35386)
select * from `job_cv_applies` where `cv_version_id` = 35386 and `job_id` = 667335 limit 1
insert into `job_cv_applies` (`data_cv_id`, `letter`, `job_id`, `user_uuid`, `cv_version_id`, `fullname`, `email`, `phone`, `status`, `viewed`, `updated_at`, `created_at`) values (5737592, , 667335, 633c5be56132ba4f34e53a10, 35386, Hi·∫øu L·ª£n, vanhieubn1207@gmail.com, 0988888888, 0, 0, 2022-12-14 19:37:50, 2022-12-14 19:37:50)


/api/cv/get-all
select * from `users` where `uuid` = 633c5be56132ba4f34e53a10 limit 1
select `cv_version_id`, `data_cv_id`, `user_uuid` from `data_cvs` where `user_uuid` = 633c5be56132ba4f34e53a10
select * from `cv_versions` where `cv_versions`.`id` in (35386)
select * from `data_cv_versions` where `data_cv_versions`.`id` in (35386)


/api/job/apply
select * from `users` where `uuid` = 633c5be56132ba4f34e53a10 limit 1
select * from `jobs` where `jobs`.`id` = 667335 limit 1
select * from `job_cv_applies` where `user_uuid` = 633c5be56132ba4f34e53a10 and `job_id` = 667335 order by `id` asc limit 1


/api/job/get-by-id/667357
select * from `jobs` where `publish_from` <= 2022-12-14 19:38:12 and `publish_to` >= 2022-12-14 19:38:12 and `is_publish` = 1 and `jobs`.`id` = 667357 limit 1
select * from `companies` where `companies`.`id` in (97710)
update `jobs` set `view` = 2 where `id` = 667357


/api/cv/get-all
select * from `users` where `uuid` = 633c5be56132ba4f34e53a10 limit 1
select `cv_version_id`, `data_cv_id`, `user_uuid` from `data_cvs` where `user_uuid` = 633c5be56132ba4f34e53a10
select * from `cv_versions` where `cv_versions`.`id` in (35386)
select * from `data_cv_versions` where `data_cv_versions`.`id` in (35386)


/api/job/apply
select * from `users` where `uuid` = 633c5be56132ba4f34e53a10 limit 1
select * from `jobs` where `jobs`.`id` = 667357 limit 1
select * from `job_cv_applies` where `user_uuid` = 633c5be56132ba4f34e53a10 and `job_id` = 667357 order by `id` asc limit 1
select * from `data_cvs` where `user_uuid` = 633c5be56132ba4f34e53a10 and `data_cv_id` = 5737592 limit 1
select * from `cv_versions` where `cv_versions`.`id` in (35386)
select * from `data_cv_versions` where `data_cv_versions`.`id` in (35386)
select * from `job_cv_applies` where `cv_version_id` = 35386 and `job_id` = 667357 limit 1
insert into `job_cv_applies` (`data_cv_id`, `letter`, `job_id`, `user_uuid`, `cv_version_id`, `fullname`, `email`, `phone`, `status`, `viewed`, `updated_at`, `created_at`) values (5737592, , 667357, 633c5be56132ba4f34e53a10, 35386, Hi·∫øu L·ª£n, vanhieubn1207@gmail.com, 0988888888, 0, 0, 2022-12-14 19:38:15, 2022-12-14 19:38:15)


/api/job/apply
select * from `users` where `uuid` = 633c5be56132ba4f34e53a10 limit 1
select * from `jobs` where `jobs`.`id` = 667357 limit 1
select * from `job_cv_applies` where `user_uuid` = 633c5be56132ba4f34e53a10 and `job_id` = 667357 order by `id` asc limit 1


/api/job/get-by-id/667360
select * from `jobs` where `publish_from` <= 2022-12-14 19:38:37 and `publish_to` >= 2022-12-14 19:38:37 and `is_publish` = 1 and `jobs`.`id` = 667360 limit 1
select * from `companies` where `companies`.`id` in (97704)
update `jobs` set `view` = 1 where `id` = 667360


/api/cv/get-all
select * from `users` where `uuid` = 633c5be56132ba4f34e53a10 limit 1
select `cv_version_id`, `data_cv_id`, `user_uuid` from `data_cvs` where `user_uuid` = 633c5be56132ba4f34e53a10
select * from `cv_versions` where `cv_versions`.`id` in (35386)
select * from `data_cv_versions` where `data_cv_versions`.`id` in (35386)


/api/job/apply
select * from `users` where `uuid` = 633c5be56132ba4f34e53a10 limit 1
select * from `jobs` where `jobs`.`id` = 667360 limit 1
select * from `job_cv_applies` where `user_uuid` = 633c5be56132ba4f34e53a10 and `job_id` = 667360 order by `id` asc limit 1
select * from `data_cvs` where `user_uuid` = 633c5be56132ba4f34e53a10 and `data_cv_id` = 5737592 limit 1
select * from `cv_versions` where `cv_versions`.`id` in (35386)
select * from `data_cv_versions` where `data_cv_versions`.`id` in (35386)
select * from `job_cv_applies` where `cv_version_id` = 35386 and `job_id` = 667360 limit 1
insert into `job_cv_applies` (`data_cv_id`, `letter`, `job_id`, `user_uuid`, `cv_version_id`, `fullname`, `email`, `phone`, `status`, `viewed`, `updated_at`, `created_at`) values (5737592, , 667360, 633c5be56132ba4f34e53a10, 35386, Hi·∫øu L·ª£n, vanhieubn1207@gmail.com, 0988888888, 0, 0, 2022-12-14 19:39:10, 2022-12-14 19:39:10)


/api/job/apply
select * from `users` where `uuid` = 633c5be56132ba4f34e53a10 limit 1
select * from `jobs` where `jobs`.`id` = 667360 limit 1
select * from `job_cv_applies` where `user_uuid` = 633c5be56132ba4f34e53a10 and `job_id` = 667360 order by `id` asc limit 1


/api/company/get-all
select count(*) as aggregate from `companies`
select * from `companies` order by `id` asc limit 10 offset 0


/api/company/get-by-id/183
select * from `companies` where `companies`.`id` = 183 limit 1


/api/company/get-by-id/105
select * from `companies` where `companies`.`id` = 105 limit 1


/api/user/user-info
select * from `users` where `uuid` = 633c5be56132ba4f34e53a10 limit 1


/api/job/job-high-salary
select count(*) as aggregate from `jobs` where `publish_from` <= 2022-12-14 19:40:26 and `publish_to` >= 2022-12-14 19:40:26 and `is_publish` = 1
select `id`, `title`, `salary_from`, `salary_to`, `salary_type`, `deadline`, `quantity`, `position_id`, `company_id`, `description` from `jobs` where `publish_from` <= 2022-12-14 19:40:26 and `publish_to` >= 2022-12-14 19:40:26 and `is_publish` = 1 order by `id` asc limit 10 offset 0
select `id`, `logo`, `name` from `companies` where `companies`.`id` in (70043, 84968, 95093, 97703, 97704, 97705, 97710, 97720, 97724)


/api/job/job-high-salary
select count(*) as aggregate from `jobs` where `publish_from` <= 2022-12-14 19:40:45 and `publish_to` >= 2022-12-14 19:40:45 and `is_publish` = 1
select `id`, `title`, `salary_from`, `salary_to`, `salary_type`, `deadline`, `quantity`, `position_id`, `company_id`, `description` from `jobs` where `publish_from` <= 2022-12-14 19:40:45 and `publish_to` >= 2022-12-14 19:40:45 and `is_publish` = 1 order by `id` asc limit 10 offset 0
select `id`, `logo`, `name` from `companies` where `companies`.`id` in (70043, 84968, 95093, 97703, 97704, 97705, 97710, 97720, 97724)


/api/job/job-it
select count(*) as aggregate from `jobs` where `publish_from` <= 2022-12-14 19:40:56 and `publish_to` >= 2022-12-14 19:40:56 and `is_publish` = 1
select `id`, `title`, `salary_from`, `salary_to`, `salary_type`, `deadline`, `quantity`, `position_id`, `company_id`, `description` from `jobs` where `publish_from` <= 2022-12-14 19:40:56 and `publish_to` >= 2022-12-14 19:40:56 and `is_publish` = 1 order by `id` asc limit 10 offset 0
select `id`, `logo`, `name` from `companies` where `companies`.`id` in (70043, 84968, 95093, 97703, 97704, 97705, 97710, 97720, 97724)


/api/job/job-manager
select count(*) as aggregate from `jobs` where `publish_from` <= 2022-12-14 19:40:56 and `publish_to` >= 2022-12-14 19:40:56 and `is_publish` = 1
select `id`, `title`, `salary_from`, `salary_to`, `salary_type`, `deadline`, `quantity`, `position_id`, `company_id`, `description` from `jobs` where `publish_from` <= 2022-12-14 19:40:56 and `publish_to` >= 2022-12-14 19:40:56 and `is_publish` = 1 order by `id` asc limit 10 offset 0
select `id`, `logo`, `name` from `companies` where `companies`.`id` in (70043, 84968, 95093, 97703, 97704, 97705, 97710, 97720, 97724)


/api/job/job-internship
select count(*) as aggregate from `jobs` where `publish_from` <= 2022-12-14 19:40:56 and `publish_to` >= 2022-12-14 19:40:56 and `is_publish` = 1
select `id`, `title`, `salary_from`, `salary_to`, `salary_type`, `deadline`, `quantity`, `position_id`, `company_id`, `description` from `jobs` where `publish_from` <= 2022-12-14 19:40:56 and `publish_to` >= 2022-12-14 19:40:56 and `is_publish` = 1 order by `id` asc limit 10 offset 0
select `id`, `logo`, `name` from `companies` where `companies`.`id` in (70043, 84968, 95093, 97703, 97704, 97705, 97710, 97720, 97724)


/api/job/job-it
select count(*) as aggregate from `jobs` where `publish_from` <= 2022-12-14 19:41:15 and `publish_to` >= 2022-12-14 19:41:15 and `is_publish` = 1
select `id`, `title`, `salary_from`, `salary_to`, `salary_type`, `deadline`, `quantity`, `position_id`, `company_id`, `description` from `jobs` where `publish_from` <= 2022-12-14 19:41:15 and `publish_to` >= 2022-12-14 19:41:15 and `is_publish` = 1 order by `id` asc limit 10 offset 0
select `id`, `logo`, `name` from `companies` where `companies`.`id` in (70043, 84968, 95093, 97703, 97704, 97705, 97710, 97720, 97724)


/api/job/job-manager
select count(*) as aggregate from `jobs` where `publish_from` <= 2022-12-14 19:41:26 and `publish_to` >= 2022-12-14 19:41:26 and `is_publish` = 1
select `id`, `title`, `salary_from`, `salary_to`, `salary_type`, `deadline`, `quantity`, `position_id`, `company_id`, `description` from `jobs` where `publish_from` <= 2022-12-14 19:41:26 and `publish_to` >= 2022-12-14 19:41:26 and `is_publish` = 1 order by `id` asc limit 10 offset 0
select `id`, `logo`, `name` from `companies` where `companies`.`id` in (70043, 84968, 95093, 97703, 97704, 97705, 97710, 97720, 97724)


/api/job/job-manager
select count(*) as aggregate from `jobs` where `publish_from` <= 2022-12-14 19:41:31 and `publish_to` >= 2022-12-14 19:41:31 and `is_publish` = 1
select `id`, `title`, `salary_from`, `salary_to`, `salary_type`, `deadline`, `quantity`, `position_id`, `company_id`, `description` from `jobs` where `publish_from` <= 2022-12-14 19:41:31 and `publish_to` >= 2022-12-14 19:41:31 and `is_publish` = 1 order by `id` asc limit 10 offset 0
select `id`, `logo`, `name` from `companies` where `companies`.`id` in (70043, 84968, 95093, 97703, 97704, 97705, 97710, 97720, 97724)


/api/job/job-internship
select count(*) as aggregate from `jobs` where `publish_from` <= 2022-12-14 19:41:38 and `publish_to` >= 2022-12-14 19:41:38 and `is_publish` = 1
select `id`, `title`, `salary_from`, `salary_to`, `salary_type`, `deadline`, `quantity`, `position_id`, `company_id`, `description` from `jobs` where `publish_from` <= 2022-12-14 19:41:38 and `publish_to` >= 2022-12-14 19:41:38 and `is_publish` = 1 order by `id` asc limit 10 offset 0
select `id`, `logo`, `name` from `companies` where `companies`.`id` in (70043, 84968, 95093, 97703, 97704, 97705, 97710, 97720, 97724)


/api/job/job-it
select count(*) as aggregate from `jobs` where `publish_from` <= 2022-12-14 19:41:52 and `publish_to` >= 2022-12-14 19:41:52 and `is_publish` = 1
select `id`, `title`, `salary_from`, `salary_to`, `salary_type`, `deadline`, `quantity`, `position_id`, `company_id`, `description` from `jobs` where `publish_from` <= 2022-12-14 19:41:52 and `publish_to` >= 2022-12-14 19:41:52 and `is_publish` = 1 order by `id` asc limit 10 offset 0
select `id`, `logo`, `name` from `companies` where `companies`.`id` in (70043, 84968, 95093, 97703, 97704, 97705, 97710, 97720, 97724)


/api/job/job-high-salary
select count(*) as aggregate from `jobs` where `publish_from` <= 2022-12-14 19:42:05 and `publish_to` >= 2022-12-14 19:42:05 and `is_publish` = 1
select `id`, `title`, `salary_from`, `salary_to`, `salary_type`, `deadline`, `quantity`, `position_id`, `company_id`, `description` from `jobs` where `publish_from` <= 2022-12-14 19:42:05 and `publish_to` >= 2022-12-14 19:42:05 and `is_publish` = 1 order by `id` asc limit 10 offset 0
select `id`, `logo`, `name` from `companies` where `companies`.`id` in (70043, 84968, 95093, 97703, 97704, 97705, 97710, 97720, 97724)


/api/cv/get-all
select * from `users` where `uuid` = 633c5be56132ba4f34e53a10 limit 1
select `cv_version_id`, `data_cv_id`, `user_uuid` from `data_cvs` where `user_uuid` = 633c5be56132ba4f34e53a10
select * from `cv_versions` where `cv_versions`.`id` in (35386)
select * from `data_cv_versions` where `data_cv_versions`.`id` in (35386)


/api/company/get-all
select count(*) as aggregate from `companies`
select * from `companies` order by `id` asc limit 10 offset 0


/api/user/user-info
select * from `users` where `uuid` = 633c5be56132ba4f34e53a10 limit 1


/api/job/job-high-salary
select count(*) as aggregate from `jobs` where `publish_from` <= 2022-12-14 19:43:24 and `publish_to` >= 2022-12-14 19:43:24 and `is_publish` = 1
select `id`, `title`, `salary_from`, `salary_to`, `salary_type`, `deadline`, `quantity`, `position_id`, `company_id`, `description` from `jobs` where `publish_from` <= 2022-12-14 19:43:24 and `publish_to` >= 2022-12-14 19:43:24 and `is_publish` = 1 order by `id` asc limit 10 offset 0
select `id`, `logo`, `name` from `companies` where `companies`.`id` in (70043, 84968, 95093, 97703, 97704, 97705, 97710, 97720, 97724)


/api/user/user-info
select * from `users` where `uuid` = 633c5be56132ba4f34e53a10 limit 1


/api/user/update-user
select * from `users` where `uuid` = 633c5be56132ba4f34e53a10 limit 1
update `users` set `last_name` = Hi·∫øu, `dob` = 2000-01-01, `users`.`updated_at` = 2022-12-14 19:43:56 where `uuid` = 633c5be56132ba4f34e53a10


/api/job/job-high-salary
select count(*) as aggregate from `jobs` where `publish_from` <= 2022-12-14 19:44:16 and `publish_to` >= 2022-12-14 19:44:16 and `is_publish` = 1
select `id`, `title`, `salary_from`, `salary_to`, `salary_type`, `deadline`, `quantity`, `position_id`, `company_id`, `description` from `jobs` where `publish_from` <= 2022-12-14 19:44:16 and `publish_to` >= 2022-12-14 19:44:16 and `is_publish` = 1 order by `id` asc limit 10 offset 0
select `id`, `logo`, `name` from `companies` where `companies`.`id` in (70043, 84968, 95093, 97703, 97704, 97705, 97710, 97720, 97724)


/api/user/user-info
select * from `users` where `uuid` = 633c5be56132ba4f34e53a10 limit 1


/api/auth/login
select * from `users` where `email` = vanhieubn1207@gmail.com limit 1


/api/job/job-high-salary
select count(*) as aggregate from `jobs` where `publish_from` <= 2022-12-14 19:45:08 and `publish_to` >= 2022-12-14 19:45:08 and `is_publish` = 1
select `id`, `title`, `salary_from`, `salary_to`, `salary_type`, `deadline`, `quantity`, `position_id`, `company_id`, `description` from `jobs` where `publish_from` <= 2022-12-14 19:45:08 and `publish_to` >= 2022-12-14 19:45:08 and `is_publish` = 1 order by `id` asc limit 10 offset 0
select `id`, `logo`, `name` from `companies` where `companies`.`id` in (70043, 84968, 95093, 97703, 97704, 97705, 97710, 97720, 97724)


/api/user/user-info
select * from `users` where `uuid` = 633c5be56132ba4f34e53a10 limit 1


/api/company/get-all
select count(*) as aggregate from `companies`
select * from `companies` order by `id` asc limit 10 offset 0


/api/job/job-internship
select count(*) as aggregate from `jobs` where `publish_from` <= 2022-12-14 19:46:28 and `publish_to` >= 2022-12-14 19:46:28 and `is_publish` = 1
select `id`, `title`, `salary_from`, `salary_to`, `salary_type`, `deadline`, `quantity`, `position_id`, `company_id`, `description` from `jobs` where `publish_from` <= 2022-12-14 19:46:28 and `publish_to` >= 2022-12-14 19:46:28 and `is_publish` = 1 order by `id` asc limit 10 offset 0
select `id`, `logo`, `name` from `companies` where `companies`.`id` in (70043, 84968, 95093, 97703, 97704, 97705, 97710, 97720, 97724)


/api/job/job-it
select count(*) as aggregate from `jobs` where `publish_from` <= 2022-12-14 19:46:28 and `publish_to` >= 2022-12-14 19:46:28 and `is_publish` = 1
select `id`, `title`, `salary_from`, `salary_to`, `salary_type`, `deadline`, `quantity`, `position_id`, `company_id`, `description` from `jobs` where `publish_from` <= 2022-12-14 19:46:28 and `publish_to` >= 2022-12-14 19:46:28 and `is_publish` = 1 order by `id` asc limit 10 offset 0
select `id`, `logo`, `name` from `companies` where `companies`.`id` in (70043, 84968, 95093, 97703, 97704, 97705, 97710, 97720, 97724)


/api/job/job-manager
select count(*) as aggregate from `jobs` where `publish_from` <= 2022-12-14 19:46:29 and `publish_to` >= 2022-12-14 19:46:29 and `is_publish` = 1
select `id`, `title`, `salary_from`, `salary_to`, `salary_type`, `deadline`, `quantity`, `position_id`, `company_id`, `description` from `jobs` where `publish_from` <= 2022-12-14 19:46:29 and `publish_to` >= 2022-12-14 19:46:29 and `is_publish` = 1 order by `id` asc limit 10 offset 0
select `id`, `logo`, `name` from `companies` where `companies`.`id` in (70043, 84968, 95093, 97703, 97704, 97705, 97710, 97720, 97724)


/api/job/job-high-salary
select count(*) as aggregate from `jobs` where `publish_from` <= 2022-12-14 19:47:12 and `publish_to` >= 2022-12-14 19:47:12 and `is_publish` = 1
select `id`, `title`, `salary_from`, `salary_to`, `salary_type`, `deadline`, `quantity`, `position_id`, `company_id`, `description` from `jobs` where `publish_from` <= 2022-12-14 19:47:12 and `publish_to` >= 2022-12-14 19:47:12 and `is_publish` = 1 order by `id` asc limit 10 offset 0
select `id`, `logo`, `name` from `companies` where `companies`.`id` in (70043, 84968, 95093, 97703, 97704, 97705, 97710, 97720, 97724)


/api/user/user-info
select * from `users` where `uuid` = 633c5be56132ba4f34e53a10 limit 1


/api/job/job-high-salary
select count(*) as aggregate from `jobs` where `publish_from` <= 2022-12-14 19:48:13 and `publish_to` >= 2022-12-14 19:48:13 and `is_publish` = 1
select `id`, `title`, `salary_from`, `salary_to`, `salary_type`, `deadline`, `quantity`, `position_id`, `company_id`, `description` from `jobs` where `publish_from` <= 2022-12-14 19:48:13 and `publish_to` >= 2022-12-14 19:48:13 and `is_publish` = 1 order by `id` asc limit 10 offset 0
select `id`, `logo`, `name` from `companies` where `companies`.`id` in (70043, 84968, 95093, 97703, 97704, 97705, 97710, 97720, 97724)


/api/user/user-info
select * from `users` where `uuid` = 633c5be56132ba4f34e53a10 limit 1


/api/job/job-high-salary
select count(*) as aggregate from `jobs` where `publish_from` <= 2022-12-14 19:54:48 and `publish_to` >= 2022-12-14 19:54:48 and `is_publish` = 1
select `id`, `title`, `salary_from`, `salary_to`, `salary_type`, `deadline`, `quantity`, `position_id`, `company_id`, `description` from `jobs` where `publish_from` <= 2022-12-14 19:54:48 and `publish_to` >= 2022-12-14 19:54:48 and `is_publish` = 1 order by `id` asc limit 10 offset 0
select `id`, `logo`, `name` from `companies` where `companies`.`id` in (70043, 84968, 95093, 97703, 97704, 97705, 97710, 97720, 97724)


/api/job/get-all
select count(*) as aggregate from `jobs` where `publish_from` <= 2022-12-14 19:55:01 and `publish_to` >= 2022-12-14 19:55:01 and `is_publish` = 1 and `title` like %IT%
select `id`, `title`, `salary_from`, `salary_to`, `salary_type`, `deadline`, `quantity`, `position_id`, `company_id`, `description` from `jobs` where `publish_from` <= 2022-12-14 19:55:01 and `publish_to` >= 2022-12-14 19:55:01 and `is_publish` = 1 and `title` like %IT% order by `id` asc limit 10 offset 0
select `id`, `logo`, `name` from `companies` where `companies`.`id` in (24160, 67460, 70043, 81820, 89987, 97173, 97875, 98166, 98252, 98306)


/api/job/get-all
select count(*) as aggregate from `jobs` where `publish_from` <= 2022-12-14 19:55:14 and `publish_to` >= 2022-12-14 19:55:14 and `is_publish` = 1 and `title` like %nh√¢n vi√™n%
select `id`, `title`, `salary_from`, `salary_to`, `salary_type`, `deadline`, `quantity`, `position_id`, `company_id`, `description` from `jobs` where `publish_from` <= 2022-12-14 19:55:14 and `publish_to` >= 2022-12-14 19:55:14 and `is_publish` = 1 and `title` like %nh√¢n vi√™n% order by `id` asc limit 10 offset 0
select `id`, `logo`, `name` from `companies` where `companies`.`id` in (11359, 70043, 84968, 97703, 97710, 97724, 97732, 97735, 97754)


/api/job/favorite/667360
select * from `users` where `uuid` = 633c5be56132ba4f34e53a10 limit 1
select * from `jobs` where `jobs`.`id` = 667360 limit 1


/api/job/favorite/667360
select * from `users` where `uuid` = 633c5be56132ba4f34e53a10 limit 1
select * from `jobs` where `jobs`.`id` = 667360 limit 1
select * from `job_favorites` where (`job_id` = 667360 and `user_uuid` = 633c5be56132ba4f34e53a10) limit 1
insert into `job_favorites` (`job_id`, `user_uuid`, `updated_at`, `created_at`) values (667360, 633c5be56132ba4f34e53a10, 2022-12-14 19:57:57, 2022-12-14 19:57:57)


/api/job/unfavorite/667357
select * from `users` where `uuid` = 633c5be56132ba4f34e53a10 limit 1
select * from `jobs` where `jobs`.`id` = 667357 limit 1
delete from `job_favorites` where `job_id` = 667357 and `user_uuid` = 633c5be56132ba4f34e53a10


/api/job/favorite/667360
select * from `users` where `uuid` = 633c5be56132ba4f34e53a10 limit 1
select * from `jobs` where `jobs`.`id` = 667360 limit 1
select * from `job_favorites` where (`job_id` = 667360 and `user_uuid` = 633c5be56132ba4f34e53a10) limit 1


/api/job/job-high-salary
select count(*) as aggregate from `jobs` where `publish_from` <= 2022-12-14 19:58:23 and `publish_to` >= 2022-12-14 19:58:23 and `is_publish` = 1
select `id`, `title`, `salary_from`, `salary_to`, `salary_type`, `deadline`, `quantity`, `position_id`, `company_id`, `description` from `jobs` where `publish_from` <= 2022-12-14 19:58:23 and `publish_to` >= 2022-12-14 19:58:23 and `is_publish` = 1 order by `id` asc limit 10 offset 0
select `id`, `logo`, `name` from `companies` where `companies`.`id` in (70043, 84968, 95093, 97703, 97704, 97705, 97710, 97720, 97724)


/api/user/user-info
select * from `users` where `uuid` = 633c5be56132ba4f34e53a10 limit 1


/api/job/get-job-favorite
select * from `users` where `uuid` = 633c5be56132ba4f34e53a10 limit 1
select `job_id` from `job_favorites` where `user_uuid` = 633c5be56132ba4f34e53a10
select `id`, `title`, `salary_from`, `salary_to`, `salary_type`, `deadline`, `quantity`, `position_id`, `company_id`, `description` from `jobs` where `id` in (667360)
select `id`, `logo`, `name` from `companies` where `companies`.`id` in (97704)


/api/job/job-high-salary
select count(*) as aggregate from `jobs` where `publish_from` <= 2022-12-14 20:10:32 and `publish_to` >= 2022-12-14 20:10:32 and `is_publish` = 1
select `id`, `title`, `salary_from`, `salary_to`, `salary_type`, `deadline`, `quantity`, `position_id`, `company_id`, `description` from `jobs` where `publish_from` <= 2022-12-14 20:10:32 and `publish_to` >= 2022-12-14 20:10:32 and `is_publish` = 1 order by `id` asc limit 10 offset 0
select `id`, `logo`, `name` from `companies` where `companies`.`id` in (70043, 84968, 95093, 97703, 97704, 97705, 97710, 97720, 97724)


/api/job/get-all
select count(*) as aggregate from `jobs` where `publish_from` <= 2022-12-14 20:11:00 and `publish_to` >= 2022-12-14 20:11:00 and `is_publish` = 1 and `title` like %nh√¢n vi√™n%
select `id`, `title`, `salary_from`, `salary_to`, `salary_type`, `deadline`, `quantity`, `position_id`, `company_id`, `description` from `jobs` where `publish_from` <= 2022-12-14 20:11:00 and `publish_to` >= 2022-12-14 20:11:00 and `is_publish` = 1 and `title` like %nh√¢n vi√™n% order by `id` asc limit 10 offset 0
select `id`, `logo`, `name` from `companies` where `companies`.`id` in (11359, 70043, 84968, 97703, 97710, 97724, 97732, 97735, 97754)


/api/job/job-it
select count(*) as aggregate from `jobs` where `publish_from` <= 2022-12-14 20:11:09 and `publish_to` >= 2022-12-14 20:11:09 and `is_publish` = 1
select `id`, `title`, `salary_from`, `salary_to`, `salary_type`, `deadline`, `quantity`, `position_id`, `company_id`, `description` from `jobs` where `publish_from` <= 2022-12-14 20:11:09 and `publish_to` >= 2022-12-14 20:11:09 and `is_publish` = 1 order by `id` asc limit 10 offset 0
select `id`, `logo`, `name` from `companies` where `companies`.`id` in (70043, 84968, 95093, 97703, 97704, 97705, 97710, 97720, 97724)


/api/job/job-manager
select count(*) as aggregate from `jobs` where `publish_from` <= 2022-12-14 20:11:09 and `publish_to` >= 2022-12-14 20:11:09 and `is_publish` = 1
select `id`, `title`, `salary_from`, `salary_to`, `salary_type`, `deadline`, `quantity`, `position_id`, `company_id`, `description` from `jobs` where `publish_from` <= 2022-12-14 20:11:09 and `publish_to` >= 2022-12-14 20:11:09 and `is_publish` = 1 order by `id` asc limit 10 offset 0
select `id`, `logo`, `name` from `companies` where `companies`.`id` in (70043, 84968, 95093, 97703, 97704, 97705, 97710, 97720, 97724)


/api/job/job-internship
select count(*) as aggregate from `jobs` where `publish_from` <= 2022-12-14 20:11:09 and `publish_to` >= 2022-12-14 20:11:09 and `is_publish` = 1
select `id`, `title`, `salary_from`, `salary_to`, `salary_type`, `deadline`, `quantity`, `position_id`, `company_id`, `description` from `jobs` where `publish_from` <= 2022-12-14 20:11:09 and `publish_to` >= 2022-12-14 20:11:09 and `is_publish` = 1 order by `id` asc limit 10 offset 0
select `id`, `logo`, `name` from `companies` where `companies`.`id` in (70043, 84968, 95093, 97703, 97704, 97705, 97710, 97720, 97724)


/api/job/job-it
select count(*) as aggregate from `jobs` where `publish_from` <= 2022-12-14 20:11:27 and `publish_to` >= 2022-12-14 20:11:27 and `is_publish` = 1
select `id`, `title`, `salary_from`, `salary_to`, `salary_type`, `deadline`, `quantity`, `position_id`, `company_id`, `description` from `jobs` where `publish_from` <= 2022-12-14 20:11:27 and `publish_to` >= 2022-12-14 20:11:27 and `is_publish` = 1 order by `id` asc limit 10 offset 0
select `id`, `logo`, `name` from `companies` where `companies`.`id` in (70043, 84968, 95093, 97703, 97704, 97705, 97710, 97720, 97724)


/api/job/get-by-id/667335
select * from `jobs` where `publish_from` <= 2022-12-14 20:11:29 and `publish_to` >= 2022-12-14 20:11:29 and `is_publish` = 1 and `jobs`.`id` = 667335 limit 1
select * from `companies` where `companies`.`id` in (97705)
update `jobs` set `view` = 104 where `id` = 667335


/api/cv/get-all
select * from `users` where `uuid` = 633c5be56132ba4f34e53a10 limit 1
select `cv_version_id`, `data_cv_id`, `user_uuid` from `data_cvs` where `user_uuid` = 633c5be56132ba4f34e53a10
select * from `cv_versions` where `cv_versions`.`id` in (35386)
select * from `data_cv_versions` where `data_cv_versions`.`id` in (35386)


/api/job/apply
select * from `users` where `uuid` = 633c5be56132ba4f34e53a10 limit 1
select * from `jobs` where `jobs`.`id` = 667335 limit 1
select * from `job_cv_applies` where `user_uuid` = 633c5be56132ba4f34e53a10 and `job_id` = 667335 order by `id` asc limit 1
select * from `data_cvs` where `user_uuid` = 633c5be56132ba4f34e53a10 and `data_cv_id` = 5737592 limit 1
select * from `cv_versions` where `cv_versions`.`id` in (35386)
select * from `data_cv_versions` where `data_cv_versions`.`id` in (35386)
select * from `job_cv_applies` where `cv_version_id` = 35386 and `job_id` = 667335 limit 1


/api/job/apply
select * from `users` where `uuid` = 633c5be56132ba4f34e53a10 limit 1
select * from `jobs` where `jobs`.`id` = 667335 limit 1
select * from `job_cv_applies` where `user_uuid` = 633c5be56132ba4f34e53a10 and `job_id` = 667335 order by `id` asc limit 1
select * from `data_cvs` where `user_uuid` = 633c5be56132ba4f34e53a10 and `data_cv_id` = 5737592 limit 1
select * from `cv_versions` where `cv_versions`.`id` in (35386)
select * from `data_cv_versions` where `data_cv_versions`.`id` in (35386)
select * from `job_cv_applies` where `cv_version_id` = 35386 and `job_id` = 667335 limit 1


/api/job/apply
select * from `users` where `uuid` = 633c5be56132ba4f34e53a10 limit 1
select * from `jobs` where `jobs`.`id` = 667335 limit 1
select * from `job_cv_applies` where `user_uuid` = 633c5be56132ba4f34e53a10 and `job_id` = 667335 order by `id` asc limit 1
select * from `data_cvs` where `user_uuid` = 633c5be56132ba4f34e53a10 and `data_cv_id` = 5737592 limit 1
select * from `cv_versions` where `cv_versions`.`id` in (35386)
select * from `data_cv_versions` where `data_cv_versions`.`id` in (35386)
select * from `job_cv_applies` where `cv_version_id` = 35386 and `job_id` = 667335 limit 1


/api/company/get-all
select count(*) as aggregate from `companies`
select * from `companies` order by `id` asc limit 10 offset 0


/api/cv/get-all
select * from `users` where `uuid` = 633c5be56132ba4f34e53a10 limit 1
select `cv_version_id`, `data_cv_id`, `user_uuid` from `data_cvs` where `user_uuid` = 633c5be56132ba4f34e53a10
select * from `cv_versions` where `cv_versions`.`id` in (35386)
select * from `data_cv_versions` where `data_cv_versions`.`id` in (35386)


/api/cv/view-by-id/5737592
select * from `users` where `uuid` = 633c5be56132ba4f34e53a10 limit 1
select * from `data_cvs` where `user_uuid` = 633c5be56132ba4f34e53a10 and `data_cv_id` = 5737592 limit 1
select * from `cv_versions` where `cv_versions`.`id` in (35386)
select * from `data_cv_versions` where `data_cv_versions`.`id` in (35386)


/api/user/user-info
select * from `users` where `uuid` = 633c5be56132ba4f34e53a10 limit 1


/api/job/job-manager
select count(*) as aggregate from `jobs` where `publish_from` <= 2022-12-14 20:12:48 and `publish_to` >= 2022-12-14 20:12:48 and `is_publish` = 1
select `id`, `title`, `salary_from`, `salary_to`, `salary_type`, `deadline`, `quantity`, `position_id`, `company_id`, `description` from `jobs` where `publish_from` <= 2022-12-14 20:12:48 and `publish_to` >= 2022-12-14 20:12:48 and `is_publish` = 1 order by `id` asc limit 10 offset 0
select `id`, `logo`, `name` from `companies` where `companies`.`id` in (70043, 84968, 95093, 97703, 97704, 97705, 97710, 97720, 97724)


/api/job/job-it
select count(*) as aggregate from `jobs` where `publish_from` <= 2022-12-14 20:12:48 and `publish_to` >= 2022-12-14 20:12:48 and `is_publish` = 1
select `id`, `title`, `salary_from`, `salary_to`, `salary_type`, `deadline`, `quantity`, `position_id`, `company_id`, `description` from `jobs` where `publish_from` <= 2022-12-14 20:12:48 and `publish_to` >= 2022-12-14 20:12:48 and `is_publish` = 1 order by `id` asc limit 10 offset 0
select `id`, `logo`, `name` from `companies` where `companies`.`id` in (70043, 84968, 95093, 97703, 97704, 97705, 97710, 97720, 97724)


/api/job/job-internship
select count(*) as aggregate from `jobs` where `publish_from` <= 2022-12-14 20:12:49 and `publish_to` >= 2022-12-14 20:12:49 and `is_publish` = 1
select `id`, `title`, `salary_from`, `salary_to`, `salary_type`, `deadline`, `quantity`, `position_id`, `company_id`, `description` from `jobs` where `publish_from` <= 2022-12-14 20:12:49 and `publish_to` >= 2022-12-14 20:12:49 and `is_publish` = 1 order by `id` asc limit 10 offset 0
select `id`, `logo`, `name` from `companies` where `companies`.`id` in (70043, 84968, 95093, 97703, 97704, 97705, 97710, 97720, 97724)


/


/api


/api/user


/api/user/lucid


/api/user/lucid


/api/user/lucid
/api/user/lucid


/api/user/lucid


/api/user/lucid
/api/user/lucid
/api/user/lucid
/api/user/lucid


/api/user/lucid


/api/user/lucid


/api/user/lucid


/api/user/lucid


/api/user/lucid


/api/user/lucid


/api/user/lucid


/api/user/lucid


/api/user/lucid


/api/user/lucid


/api/user/lucid


/api/user/lucid


/api/user/lucid


/api/user/lucid


/api/user/lucid


/api/user/lucid


/api/user/lucid


/api/user/lucid


/api/user/lucid


/api/user/lucid


/api/user/lucid


/api/user/lucid


/api/user/lucid


/api/user/lucid


/api/user/lucid


/api/user/lucid


/api/user/lucid


/api/user/lucid


/api/user/lucid


/api/user/lucid


/


/omicall


/omicall


/omicall


/omicall


/omicall


/omicall


/omicall


/omicall


/omicall


/omicall


/omicall


/omicall


/omicall


/omicall


/omicall


/omicall


/omicall


/omicall


/auth/login


/api/auth/login
select * from `users` where `email` = vanhieubn1207@gmail.com limit 1


/api/auth/login
select * from `users` where `email` = vanhieubn1207@gmail.com limit 1


/api/user/user-info


/api/user/user-info
select * from `users` where `uuid` = 633c5be56132ba4f34e53a10 limit 1


/api/user/user-info
/api/user/user-info
/api/user/user-info
/api/user/user-info
select * from `users` where `uuid` = 633c5be56132ba4f34e53a10 limit 1


/api/user/user-info
/api/user/user-info
/api/user/user-info
select * from `users` where `uuid` = 633c5be56132ba4f34e53a10 limit 1


/api/user/user-info
select * from `users` where `uuid` = 633c5be56132ba4f34e53a10 limit 1


/api/user/user-info
select * from `users` where `uuid` = 633c5be56132ba4f34e53a10 limit 1


/api/user/user-info
select * from `users` where `uuid` = 633c5be56132ba4f34e53a10 limit 1


/api/company/get-top-list
select * from `top_lists`


/api/company/get-top-list
select * from `top_lists`


/api/company/get-top-list
select * from `top_lists`


/api/company/get-top-list
select * from `top_lists`


/api/company/get-top-list
select * from `top_lists`


/api/company/get-top-list
/api/company/get-top-list
select * from `top_lists`


/api/company/get-top-list
/api/company/get-top-list
/api/company/get-top-list
/api/company/get-top-list
/api/company/get-top-list
/api/company/get-top-list
select * from `top_lists`


/api/company/get-top-list
select * from `top_lists`


/api/auth/login


/api/auth/login
/api/auth/login
/api/auth/login
/api/auth/login
/api/auth/login
/api/auth/login
/api/auth/login
/api/auth/login
/api/auth/login
/api/company/get-top-list
/api/auth/login
/api/company/get-top-list
select * from `top_lists`


/api/auth/login
/api/auth/login
/api/auth/login
select * from `users` where `email` = vanhieubn1207@gmail.com limit 1


/api/auth/login
select * from `users` where `email` = vanhieubn1207@gmail.com limit 1


/api/auth/login
select * from `users` where `email` = vanhieubn1207@gmail.com limit 1


/api/user/lucid


/api/user/lucid


/api/user/lucid


/api/user/lucid


/api/user/lucid


/api/user/lucid


/api/user/lucid


/api/user/lucid


/api/auth/test


/api/auth/test


/api/auth/test


/api/auth/test


/api/auth/test


/api/auth/test


/api/user/user-info
/api/user/user-info


/api/user/user-info
select * from `users` where `uuid` = 633c5be56132ba4f34e53a10 limit 1


/api/user/user-info
select * from `users` where `uuid` = 633c5be56132ba4f34e53a10 limit 1


/api/user/user-info
select * from `users` where `uuid` = 633c5be56132ba4f34e53a10 limit 1


/api/user/user-info
select * from `users` where `uuid` = 633c5be56132ba4f34e53a10 limit 1


/api/user/user-info
select * from `users` where `uuid` = 633c5be56132ba4f34e53a10 limit 1


/api/user/user-info
select * from `users` where `uuid` = 633c5be56132ba4f34e53a10 limit 1


/api/user/user-info
/api/user/user-info
/api/user/user-info
select * from `users` where `uuid` = 633c5be56132ba4f34e53a10 limit 1


/api/user/user-info
select * from `users` where `uuid` = 633c5be56132ba4f34e53a10 limit 1


/api/user/user-info
select * from `users` where `uuid` = 633c5be56132ba4f34e53a10 limit 1


/api/auth/login
select * from `users` where `email` = vanhieubn1207@gmail.com limit 1


/api/auth/login
/api/user/user-info
/api/auth/login
select * from `users` where `email` = vanhieubn1207@gmail.com limit 1


/api/user/user-info
/api/user/user-info
/api/auth/login
/api/auth/login


/api/auth/login
select * from `users` where `email` = vanhieubn1207@gmail.com limit 1


/api/auth/login
/api/auth/login
select * from `users` where `email` = vanhieubn1207@gmail.com limit 1


/api/user/update-user
select * from `users` where `uuid` = 633c5be56132ba4f34e53a10 limit 1
update `users` set `last_name` = Hi·ªáu, `dob` = 2000-01-01, `users`.`updated_at` = 2023-01-02 14:54:01 where `uuid` = 633c5be56132ba4f34e53a10


/api/user/update-user
/api/user/update-user
/api/user/update-user
/api/user/update-user
select * from `users` where `uuid` = 633c5be56132ba4f34e53a10 limit 1


/api/user/update-user
select * from `users` where `uuid` = 633c5be56132ba4f34e53a10 limit 1


/api/user/update-user
/api/user/update-user
select * from `users` where `uuid` = 633c5be56132ba4f34e53a10 limit 1


/api/user/update-user
/api/user/update-user
/api/user/update-user
select * from `users` where `uuid` = 633c5be56132ba4f34e53a10 limit 1
update `users` set `dob` = 2000-01-01, `users`.`updated_at` = 2023-01-02 15:00:16 where `uuid` = 633c5be56132ba4f34e53a10


/api/user/update-user
/api/user/update-user
/api/user/update-user
select * from `users` where `uuid` = 633c5be56132ba4f34e53a10 limit 1


/api/user/update-user
/api/user/update-user
select * from `users` where `uuid` = 633c5be56132ba4f34e53a10 limit 1
update `users` set `dob` = 2000-01-01, `users`.`updated_at` = 2023-01-02 15:06:23 where `uuid` = 633c5be56132ba4f34e53a10


/api/user/update-user
select * from `users` where `uuid` = 633c5be56132ba4f34e53a10 limit 1
update `users` set `dob` = 2000-01-01, `users`.`updated_at` = 2023-01-02 15:09:56 where `uuid` = 633c5be56132ba4f34e53a10


/api/user/update-user
select * from `users` where `uuid` = 633c5be56132ba4f34e53a10 limit 1
update `users` set `dob` = 2000-01-01, `users`.`updated_at` = 2023-01-02 15:10:12 where `uuid` = 633c5be56132ba4f34e53a10


/api/user/update-user
select * from `users` where `uuid` = 633c5be56132ba4f34e53a10 limit 1
update `users` set `dob` = 2000-01-01, `users`.`updated_at` = 2023-01-02 15:10:40 where `uuid` = 633c5be56132ba4f34e53a10


/api/user/update-user
select * from `users` where `uuid` = 633c5be56132ba4f34e53a10 limit 1
update `users` set `dob` = 2000-01-01, `users`.`updated_at` = 2023-01-02 15:11:28 where `uuid` = 633c5be56132ba4f34e53a10


/api/user/update-user
select * from `users` where `uuid` = 633c5be56132ba4f34e53a10 limit 1
update `users` set `dob` = 2000-01-01, `users`.`updated_at` = 2023-01-02 15:11:32 where `uuid` = 633c5be56132ba4f34e53a10


/api/user/update-user
select * from `users` where `uuid` = 633c5be56132ba4f34e53a10 limit 1
update `users` set `dob` = 2000-01-01, `users`.`updated_at` = 2023-01-02 15:12:56 where `uuid` = 633c5be56132ba4f34e53a10


/api/user/update-user
select * from `users` where `uuid` = 633c5be56132ba4f34e53a10 limit 1
update `users` set `dob` = 2000-01-01, `users`.`updated_at` = 2023-01-02 15:13:05 where `uuid` = 633c5be56132ba4f34e53a10


/api/user/update-user
select * from `users` where `uuid` = 633c5be56132ba4f34e53a10 limit 1
update `users` set `dob` = 2000-01-01, `users`.`updated_at` = 2023-01-02 15:13:14 where `uuid` = 633c5be56132ba4f34e53a10


/api/user/update-user
select * from `users` where `uuid` = 633c5be56132ba4f34e53a10 limit 1
update `users` set `dob` = 2000-01-01, `users`.`updated_at` = 2023-01-02 15:13:36 where `uuid` = 633c5be56132ba4f34e53a10


/api/user/update-user
select * from `users` where `uuid` = 633c5be56132ba4f34e53a10 limit 1
update `users` set `dob` = 2000-01-01, `users`.`updated_at` = 2023-01-02 15:14:14 where `uuid` = 633c5be56132ba4f34e53a10


/api/user/update-user
select * from `users` where `uuid` = 633c5be56132ba4f34e53a10 limit 1
update `users` set `dob` = 2000-01-01, `users`.`updated_at` = 2023-01-02 15:14:34 where `uuid` = 633c5be56132ba4f34e53a10


/api/user/update-user
select * from `users` where `uuid` = 633c5be56132ba4f34e53a10 limit 1
update `users` set `dob` = 2000-01-01, `users`.`updated_at` = 2023-01-02 15:15:07 where `uuid` = 633c5be56132ba4f34e53a10


/api/user/update-user
/api/user/update-user
/api/user/update-user
/api/user/update-user
/api/user/update-user
select * from `users` where `uuid` = 633c5be56132ba4f34e53a10 limit 1
update `users` set `dob` = 2000-01-01, `users`.`updated_at` = 2023-01-02 15:22:51 where `uuid` = 633c5be56132ba4f34e53a10


/api/user/update-user
/api/user/update-user
/api/user/update-user
select * from `users` where `uuid` = 633c5be56132ba4f34e53a10 limit 1
update `users` set `dob` = 2000-01-01, `users`.`updated_at` = 2023-01-02 15:36:47 where `uuid` = 633c5be56132ba4f34e53a10


/api/user/user-info
select * from `users` where `uuid` = 633c5be56132ba4f34e53a10 limit 1


/api/company/get-top-list
select * from `top_lists`


/api/user/update-user
select * from `users` where `uuid` = 633c5be56132ba4f34e53a10 limit 1
update `users` set `dob` = 2000-01-01, `users`.`updated_at` = 2023-01-02 17:00:21 where `uuid` = 633c5be56132ba4f34e53a10


/api/user/update-user
select * from `users` where `uuid` = 633c5be56132ba4f34e53a10 limit 1
update `users` set `dob` = 2000-01-01, `users`.`updated_at` = 2023-01-02 17:00:30 where `uuid` = 633c5be56132ba4f34e53a10


/api/user/update-user
/api/user/update-user
/api/user/update-user
select * from `users` where `uuid` = 633c5be56132ba4f34e53a10 limit 1
update `users` set `dob` = 2000-01-01, `users`.`updated_at` = 2023-01-02 17:01:00 where `uuid` = 633c5be56132ba4f34e53a10


/api/user/update-user
select * from `users` where `uuid` = 633c5be56132ba4f34e53a10 limit 1
update `users` set `dob` = 2000-01-01, `users`.`updated_at` = 2023-01-02 17:01:14 where `uuid` = 633c5be56132ba4f34e53a10


/api/user/update-user
select * from `users` where `uuid` = 633c5be56132ba4f34e53a10 limit 1
update `users` set `first_name` = Lee, `dob` = 2000-01-01, `users`.`updated_at` = 2023-01-02 17:01:59 where `uuid` = 633c5be56132ba4f34e53a10


/api/user/update-user
select * from `users` where `uuid` = 633c5be56132ba4f34e53a10 limit 1
update `users` set `dob` = 2000-01-01, `users`.`updated_at` = 2023-01-02 17:02:11 where `uuid` = 633c5be56132ba4f34e53a10


/api/user/update-user
select * from `users` where `uuid` = 633c5be56132ba4f34e53a10 limit 1
update `users` set `first_name` = Nguyen, `dob` = 2000-01-01, `users`.`updated_at` = 2023-01-02 17:02:26 where `uuid` = 633c5be56132ba4f34e53a10


/api/user/update-user
/api/user/update-user
select * from `users` where `uuid` = 633c5be56132ba4f34e53a10 limit 1


/api/user/update-user
/api/user/update-user
select * from `users` where `uuid` = 633c5be56132ba4f34e53a10 limit 1


/api/user/update-user
select * from `users` where `uuid` = 633c5be56132ba4f34e53a10 limit 1


/api/user/update-user
/api/user/update-user
select * from `users` where `uuid` = 633c5be56132ba4f34e53a10 limit 1
update `users` set `dob` = 2000-01-01, `users`.`updated_at` = 2023-01-02 17:06:21 where `uuid` = 633c5be56132ba4f34e53a10


/api/user/update-user
select * from `users` where `uuid` = 633c5be56132ba4f34e53a10 limit 1
update `users` set `dob` = 2000-01-01, `users`.`updated_at` = 2023-01-02 17:06:30 where `uuid` = 633c5be56132ba4f34e53a10


/api/user/update-user
select * from `users` where `uuid` = 633c5be56132ba4f34e53a10 limit 1


/api/user/update-user
/api/user/update-user
select * from `users` where `uuid` = 633c5be56132ba4f34e53a10 limit 1


/api/user/update-user
/api/user/update-user
/api/user/update-user
/api/user/update-user
/api/user/update-user
select * from `users` where `uuid` = 633c5be56132ba4f34e53a10 limit 1


/api/user/update-user
/api/user/update-user
/api/user/update-user
select * from `users` where `uuid` = 633c5be56132ba4f34e53a10 limit 1


/api/user/update-user
select * from `users` where `uuid` = 633c5be56132ba4f34e53a10 limit 1


/api/user/update-user
/api/user/update-user
/api/user/update-user
select * from `users` where `uuid` = 633c5be56132ba4f34e53a10 limit 1


/api/user/update-user
/api/user/update-user
/api/user/update-user
/api/user/update-user
select * from `users` where `uuid` = 633c5be56132ba4f34e53a10 limit 1


/api/user/update-user
/api/user/update-user
/api/user/update-user
select * from `users` where `uuid` = 633c5be56132ba4f34e53a10 limit 1


/api/user/update-user
select * from `users` where `uuid` = 633c5be56132ba4f34e53a10 limit 1


/api/user/update-user
select * from `users` where `uuid` = 633c5be56132ba4f34e53a10 limit 1
select count(*) as aggregate from `users` where `phone` = 0368505826 and `uuid` <> 633c5be56132ba4f34e53a10


/api/user/update-user
/api/user/update-user
select * from `users` where `uuid` = 633c5be56132ba4f34e53a10 limit 1
update `users` set `dob` = 2000-01-01, `users`.`updated_at` = 2023-01-02 17:19:43 where `uuid` = 633c5be56132ba4f34e53a10


/api/user/update-user
select * from `users` where `uuid` = 633c5be56132ba4f34e53a10 limit 1
update `users` set `dob` = 2000-01-01, `users`.`updated_at` = 2023-01-02 17:19:54 where `uuid` = 633c5be56132ba4f34e53a10


/api/user/update-user
select * from `users` where `uuid` = 633c5be56132ba4f34e53a10 limit 1
select count(*) as aggregate from `users` where `phone` = 0368505826 and `uuid` <> 633c5be56132ba4f34e53a10


/api/user/update-user
/api/user/update-user
select * from `users` where `uuid` = 633c5be56132ba4f34e53a10 limit 1
select count(*) as aggregate from `users` where `phone` = 0368505826 and `uuid` <> 633c5be56132ba4f34e53a10


/api/user/update-user
select * from `users` where `uuid` = 633c5be56132ba4f34e53a10 limit 1
select count(*) as aggregate from `users` where `phone` = 0368505826 and `uuid` <> 633c5be56132ba4f34e53a10
update `users` set `first_name` = Lee, `dob` = 2000-01-01, `users`.`updated_at` = 2023-01-02 17:21:46 where `uuid` = 633c5be56132ba4f34e53a10


/api/job/job-high-salary
select count(*) as aggregate from `jobs` where `publish_from` <= 2023-01-02 17:44:30 and `publish_to` >= 2023-01-02 17:44:30 and `is_publish` = 1
select `id`, `title`, `salary_from`, `salary_to`, `salary_type`, `deadline`, `quantity`, `position_id`, `company_id`, `description` from `jobs` where `publish_from` <= 2023-01-02 17:44:30 and `publish_to` >= 2023-01-02 17:44:30 and `is_publish` = 1 order by `id` asc limit 10 offset 0
select `id`, `logo`, `name` from `companies` where `companies`.`id` in (70043, 84968, 95093, 97703, 97704, 97705, 97710, 97720, 97724)


/api/user/user-info


/api/user/user-info


/api/user/user-info


/api/user/user-info


/api/job/job-high-salary
select count(*) as aggregate from `jobs` where `publish_from` <= 2023-01-02 20:20:23 and `publish_to` >= 2023-01-02 20:20:23 and `is_publish` = 1
select `id`, `title`, `salary_from`, `salary_to`, `salary_type`, `deadline`, `quantity`, `position_id`, `company_id`, `description` from `jobs` where `publish_from` <= 2023-01-02 20:20:23 and `publish_to` >= 2023-01-02 20:20:23 and `is_publish` = 1 order by `id` asc limit 10 offset 0
select `id`, `logo`, `name` from `companies` where `companies`.`id` in (70043, 84968, 95093, 97703, 97704, 97705, 97710, 97720, 97724)


/api/job/get-by-id/667335
select * from `jobs` where `publish_from` <= 2023-01-02 20:20:30 and `publish_to` >= 2023-01-02 20:20:30 and `is_publish` = 1 and `jobs`.`id` = 667335 limit 1
select * from `companies` where `companies`.`id` in (97705)
update `jobs` set `view` = 105 where `id` = 667335


/api/user/user-info


/api/user/user-info


/api/user/user-info


/api/user/user-info


/api/job/job-high-salary
select count(*) as aggregate from `jobs` where `publish_from` <= 2023-01-02 20:21:10 and `publish_to` >= 2023-01-02 20:21:10 and `is_publish` = 1
select `id`, `title`, `salary_from`, `salary_to`, `salary_type`, `deadline`, `quantity`, `position_id`, `company_id`, `description` from `jobs` where `publish_from` <= 2023-01-02 20:21:10 and `publish_to` >= 2023-01-02 20:21:10 and `is_publish` = 1 order by `id` asc limit 10 offset 0
select `id`, `logo`, `name` from `companies` where `companies`.`id` in (70043, 84968, 95093, 97703, 97704, 97705, 97710, 97720, 97724)


/api/auth/login
select * from `users` where `email` = vanhieubn1207@gmail.com limit 1


/api/job/job-high-salary
select count(*) as aggregate from `jobs` where `publish_from` <= 2023-01-02 20:22:09 and `publish_to` >= 2023-01-02 20:22:09 and `is_publish` = 1
select `id`, `title`, `salary_from`, `salary_to`, `salary_type`, `deadline`, `quantity`, `position_id`, `company_id`, `description` from `jobs` where `publish_from` <= 2023-01-02 20:22:09 and `publish_to` >= 2023-01-02 20:22:09 and `is_publish` = 1 order by `id` asc limit 10 offset 0
select `id`, `logo`, `name` from `companies` where `companies`.`id` in (70043, 84968, 95093, 97703, 97704, 97705, 97710, 97720, 97724)


/api/user/user-info


/api/user/user-info


/api/user/user-info


/api/user/user-info


/api/auth/login
select * from `users` where `email` = vanhieubn1207@gmail.com limit 1


/api/job/job-high-salary
select count(*) as aggregate from `jobs` where `publish_from` <= 2023-01-02 20:22:58 and `publish_to` >= 2023-01-02 20:22:58 and `is_publish` = 1
select `id`, `title`, `salary_from`, `salary_to`, `salary_type`, `deadline`, `quantity`, `position_id`, `company_id`, `description` from `jobs` where `publish_from` <= 2023-01-02 20:22:58 and `publish_to` >= 2023-01-02 20:22:58 and `is_publish` = 1 order by `id` asc limit 10 offset 0
select `id`, `logo`, `name` from `companies` where `companies`.`id` in (70043, 84968, 95093, 97703, 97704, 97705, 97710, 97720, 97724)


/api/job/job-high-salary
select count(*) as aggregate from `jobs` where `publish_from` <= 2023-01-02 20:23:39 and `publish_to` >= 2023-01-02 20:23:39 and `is_publish` = 1
select `id`, `title`, `salary_from`, `salary_to`, `salary_type`, `deadline`, `quantity`, `position_id`, `company_id`, `description` from `jobs` where `publish_from` <= 2023-01-02 20:23:39 and `publish_to` >= 2023-01-02 20:23:39 and `is_publish` = 1 order by `id` asc limit 10 offset 0
select `id`, `logo`, `name` from `companies` where `companies`.`id` in (70043, 84968, 95093, 97703, 97704, 97705, 97710, 97720, 97724)


/api/auth/login
select * from `users` where `email` = vanhieubn1207@gmail.com limit 1


/api/job/job-high-salary
select count(*) as aggregate from `jobs` where `publish_from` <= 2023-01-02 20:23:52 and `publish_to` >= 2023-01-02 20:23:52 and `is_publish` = 1
select `id`, `title`, `salary_from`, `salary_to`, `salary_type`, `deadline`, `quantity`, `position_id`, `company_id`, `description` from `jobs` where `publish_from` <= 2023-01-02 20:23:52 and `publish_to` >= 2023-01-02 20:23:52 and `is_publish` = 1 order by `id` asc limit 10 offset 0
select `id`, `logo`, `name` from `companies` where `companies`.`id` in (70043, 84968, 95093, 97703, 97704, 97705, 97710, 97720, 97724)


/api/user/user-info


/api/user/user-info


/api/user/user-info


/api/user/user-info


/api/auth/login
select * from `users` where `email` = vanhieubn1207@gmail.com limit 1


/api/job/job-high-salary
select count(*) as aggregate from `jobs` where `publish_from` <= 2023-01-02 20:24:42 and `publish_to` >= 2023-01-02 20:24:42 and `is_publish` = 1
select `id`, `title`, `salary_from`, `salary_to`, `salary_type`, `deadline`, `quantity`, `position_id`, `company_id`, `description` from `jobs` where `publish_from` <= 2023-01-02 20:24:42 and `publish_to` >= 2023-01-02 20:24:42 and `is_publish` = 1 order by `id` asc limit 10 offset 0
select `id`, `logo`, `name` from `companies` where `companies`.`id` in (70043, 84968, 95093, 97703, 97704, 97705, 97710, 97720, 97724)


/api/cv/get-all


/api/cv/get-all


/api/cv/get-all


/api/cv/get-all


/api/user/user-info
select * from `users` where `uuid` = 633c5be56132ba4f34e53a10 limit 1


/api/cv/get-all
select * from `users` where `uuid` = 633c5be56132ba4f34e53a10 limit 1
select `cv_version_id`, `data_cv_id`, `user_uuid` from `data_cvs` where `user_uuid` = 633c5be56132ba4f34e53a10
select * from `cv_versions` where `cv_versions`.`id` in (35386)
select * from `data_cv_versions` where `data_cv_versions`.`id` in (35386)


/api/job/job-high-salary
select count(*) as aggregate from `jobs` where `publish_from` <= 2023-01-02 20:28:08 and `publish_to` >= 2023-01-02 20:28:08 and `is_publish` = 1
select `id`, `title`, `salary_from`, `salary_to`, `salary_type`, `deadline`, `quantity`, `position_id`, `company_id`, `description` from `jobs` where `publish_from` <= 2023-01-02 20:28:08 and `publish_to` >= 2023-01-02 20:28:08 and `is_publish` = 1 order by `id` asc limit 10 offset 0
select `id`, `logo`, `name` from `companies` where `companies`.`id` in (70043, 84968, 95093, 97703, 97704, 97705, 97710, 97720, 97724)


/api/auth/login


/api/auth/login
select * from `users` where `email` = vanhieubn1207@gmail.com limit 1


